<?xml version="1.0" encoding="UTF-8"?>
<!-- Generated by org.testng.reporters.JUnitReportReporter -->
<testsuite hostname="LAPTOP-1557RTGT" failures="0" tests="1" name="com.api.automation.ValidateAPICoinDesk" time="3.350" errors="0" timestamp="2025-01-22T11:19:23 IST" skipped="0">
  <testcase classname="com.api.automation.ValidateAPICoinDesk" name="testCoinDeskAPI" time="3.350"/>
</testsuite> <!-- com.api.automation.ValidateAPICoinDesk -->
