<?xml version="1.0" encoding="UTF-8"?>
<!-- Generated by org.testng.reporters.JUnitReportReporter -->
<testsuite hostname="LAPTOP-1557RTGT" failures="0" tests="1" name="com.ui.automation.AddToCartEbayTest" time="15.480" errors="0" timestamp="2025-01-22T11:20:06 IST" skipped="0">
  <testcase classname="com.ui.automation.AddToCartEbayTest" name="testAddToCart" time="15.480"/>
</testsuite> <!-- com.ui.automation.AddToCartEbayTest -->
